Performing C SOURCE FILE Test CMAKE_HAVE_LIBC_PTHREAD failed with the following output:
Change Dir: /home/martin/School/bachelor-hofbauer/build/CMakeFiles/CMakeTmp

Run Build Command(s):/usr/bin/make -f Makefile cmTC_6630a/fast && /usr/bin/make  -f CMakeFiles/cmTC_6630a.dir/build.make CMakeFiles/cmTC_6630a.dir/build
make[1]: Entering directory '/home/martin/School/bachelor-hofbauer/build/CMakeFiles/CMakeTmp'
Building C object CMakeFiles/cmTC_6630a.dir/src.c.o
/usr/bin/cc -DCMAKE_HAVE_LIBC_PTHREAD   -o CMakeFiles/cmTC_6630a.dir/src.c.o -c /home/martin/School/bachelor-hofbauer/build/CMakeFiles/CMakeTmp/src.c
Linking C executable cmTC_6630a
/usr/local/bin/cmake -E cmake_link_script CMakeFiles/cmTC_6630a.dir/link.txt --verbose=1
/usr/bin/cc CMakeFiles/cmTC_6630a.dir/src.c.o -o cmTC_6630a 
/usr/bin/ld: CMakeFiles/cmTC_6630a.dir/src.c.o: in function `main':
src.c:(.text+0x46): undefined reference to `pthread_create'
/usr/bin/ld: src.c:(.text+0x52): undefined reference to `pthread_detach'
/usr/bin/ld: src.c:(.text+0x5e): undefined reference to `pthread_cancel'
/usr/bin/ld: src.c:(.text+0x6f): undefined reference to `pthread_join'
collect2: error: ld returned 1 exit status
make[1]: *** [CMakeFiles/cmTC_6630a.dir/build.make:99: cmTC_6630a] Error 1
make[1]: Leaving directory '/home/martin/School/bachelor-hofbauer/build/CMakeFiles/CMakeTmp'
make: *** [Makefile:127: cmTC_6630a/fast] Error 2


Source file was:
#include <pthread.h>

static void* test_func(void* data)
{
  return data;
}

int main(void)
{
  pthread_t thread;
  pthread_create(&thread, NULL, test_func, NULL);
  pthread_detach(thread);
  pthread_cancel(thread);
  pthread_join(thread, NULL);
  pthread_atfork(NULL, NULL, NULL);
  pthread_exit(NULL);

  return 0;
}

Determining if the function pthread_create exists in the pthreads failed with the following output:
Change Dir: /home/martin/School/bachelor-hofbauer/build/CMakeFiles/CMakeTmp

Run Build Command(s):/usr/bin/make -f Makefile cmTC_37cfb/fast && /usr/bin/make  -f CMakeFiles/cmTC_37cfb.dir/build.make CMakeFiles/cmTC_37cfb.dir/build
make[1]: Entering directory '/home/martin/School/bachelor-hofbauer/build/CMakeFiles/CMakeTmp'
Building C object CMakeFiles/cmTC_37cfb.dir/CheckFunctionExists.c.o
/usr/bin/cc   -DCHECK_FUNCTION_EXISTS=pthread_create -o CMakeFiles/cmTC_37cfb.dir/CheckFunctionExists.c.o -c /usr/local/share/cmake-3.22/Modules/CheckFunctionExists.c
Linking C executable cmTC_37cfb
/usr/local/bin/cmake -E cmake_link_script CMakeFiles/cmTC_37cfb.dir/link.txt --verbose=1
/usr/bin/cc  -DCHECK_FUNCTION_EXISTS=pthread_create CMakeFiles/cmTC_37cfb.dir/CheckFunctionExists.c.o -o cmTC_37cfb  -lpthreads 
/usr/bin/ld: cannot find -lpthreads
collect2: error: ld returned 1 exit status
make[1]: *** [CMakeFiles/cmTC_37cfb.dir/build.make:99: cmTC_37cfb] Error 1
make[1]: Leaving directory '/home/martin/School/bachelor-hofbauer/build/CMakeFiles/CMakeTmp'
make: *** [Makefile:127: cmTC_37cfb/fast] Error 2



